{"/home/darwin/GlintsXBinar/Backend/Month 02/Week 06/Day 30/index.js": {"path":"/home/darwin/GlintsXBinar/Backend/Month 02/Week 06/Day 30/index.js","statementMap":{"0":{"start":{"line":1,"column":0},"end":{"line":3,"column":3}},"1":{"start":{"line":5,"column":16},"end":{"line":5,"column":34}},"2":{"start":{"line":6,"column":19},"end":{"line":6,"column":48}},"3":{"start":{"line":9,"column":19},"end":{"line":9,"column":49}},"4":{"start":{"line":10,"column":21},"end":{"line":10,"column":53}},"5":{"start":{"line":11,"column":24},"end":{"line":11,"column":59}},"6":{"start":{"line":12,"column":24},"end":{"line":12,"column":59}},"7":{"start":{"line":15,"column":12},"end":{"line":15,"column":21}},"8":{"start":{"line":18,"column":0},"end":{"line":18,"column":24}},"9":{"start":{"line":19,"column":0},"end":{"line":23,"column":2}},"10":{"start":{"line":26,"column":0},"end":{"line":26,"column":22}},"11":{"start":{"line":29,"column":0},"end":{"line":29,"column":34}},"12":{"start":{"line":32,"column":0},"end":{"line":32,"column":29}},"13":{"start":{"line":33,"column":0},"end":{"line":33,"column":33}},"14":{"start":{"line":34,"column":0},"end":{"line":34,"column":39}},"15":{"start":{"line":35,"column":0},"end":{"line":35,"column":39}},"16":{"start":{"line":38,"column":0},"end":{"line":42,"column":1}},"17":{"start":{"line":40,"column":13},"end":{"line":40,"column":37}},"18":{"start":{"line":41,"column":2},"end":{"line":41,"column":68}},"19":{"start":{"line":41,"column":25},"end":{"line":41,"column":66}},"20":{"start":{"line":46,"column":0},"end":{"line":46,"column":21}}},"fnMap":{"0":{"name":"(anonymous_0)","decl":{"start":{"line":41,"column":19},"end":{"line":41,"column":20}},"loc":{"start":{"line":41,"column":25},"end":{"line":41,"column":66}},"line":41}},"branchMap":{"0":{"loc":{"start":{"line":38,"column":0},"end":{"line":42,"column":1}},"type":"if","locations":[{"start":{"line":38,"column":0},"end":{"line":42,"column":1}},{"start":{"line":38,"column":0},"end":{"line":42,"column":1}}],"line":38},"1":{"loc":{"start":{"line":40,"column":13},"end":{"line":40,"column":37}},"type":"binary-expr","locations":[{"start":{"line":40,"column":13},"end":{"line":40,"column":17}},{"start":{"line":40,"column":21},"end":{"line":40,"column":37}}],"line":40}},"s":{"0":1,"1":1,"2":1,"3":1,"4":1,"5":1,"6":1,"7":1,"8":1,"9":1,"10":1,"11":1,"12":1,"13":1,"14":1,"15":1,"16":1,"17":0,"18":0,"19":0,"20":1},"f":{"0":0},"b":{"0":[0,1],"1":[0,0]},"_coverageSchema":"1a1c01bbd47fc00a2c39e90264f33305004495a9","hash":"91010428f983745054007a7db82580a9586170d6"}
,"/home/darwin/GlintsXBinar/Backend/Month 02/Week 06/Day 30/controllers/authController.js": {"path":"/home/darwin/GlintsXBinar/Backend/Month 02/Week 06/Day 30/controllers/authController.js","statementMap":{"0":{"start":{"line":1,"column":12},"end":{"line":1,"column":35}},"1":{"start":{"line":6,"column":4},"end":{"line":32,"column":5}},"2":{"start":{"line":9,"column":19},"end":{"line":13,"column":7}},"3":{"start":{"line":17,"column":20},"end":{"line":19,"column":8}},"4":{"start":{"line":22,"column":6},"end":{"line":25,"column":9}},"5":{"start":{"line":28,"column":6},"end":{"line":31,"column":9}},"6":{"start":{"line":36,"column":0},"end":{"line":36,"column":38}}},"fnMap":{"0":{"name":"(anonymous_0)","decl":{"start":{"line":5,"column":2},"end":{"line":5,"column":3}},"loc":{"start":{"line":5,"column":27},"end":{"line":33,"column":3}},"line":5}},"branchMap":{},"s":{"0":1,"1":2,"2":2,"3":2,"4":2,"5":0,"6":1},"f":{"0":2},"b":{},"_coverageSchema":"1a1c01bbd47fc00a2c39e90264f33305004495a9","hash":"53d84634dbe4b1bc6f40071eb3042df637c78d15"}
,"/home/darwin/GlintsXBinar/Backend/Month 02/Week 06/Day 30/controllers/barangController.js": {"path":"/home/darwin/GlintsXBinar/Backend/Month 02/Week 06/Day 30/controllers/barangController.js","statementMap":{"0":{"start":{"line":1,"column":50},"end":{"line":1,"column":70}},"1":{"start":{"line":5,"column":4},"end":{"line":17,"column":5}},"2":{"start":{"line":6,"column":17},"end":{"line":6,"column":56}},"3":{"start":{"line":8,"column":6},"end":{"line":11,"column":9}},"4":{"start":{"line":13,"column":6},"end":{"line":16,"column":9}},"5":{"start":{"line":21,"column":4},"end":{"line":40,"column":5}},"6":{"start":{"line":23,"column":24},"end":{"line":23,"column":53}},"7":{"start":{"line":26,"column":17},"end":{"line":28,"column":28}},"8":{"start":{"line":31,"column":6},"end":{"line":34,"column":9}},"9":{"start":{"line":36,"column":6},"end":{"line":39,"column":9}},"10":{"start":{"line":44,"column":0},"end":{"line":44,"column":40}}},"fnMap":{"0":{"name":"(anonymous_0)","decl":{"start":{"line":4,"column":2},"end":{"line":4,"column":3}},"loc":{"start":{"line":4,"column":25},"end":{"line":18,"column":3}},"line":4},"1":{"name":"(anonymous_1)","decl":{"start":{"line":20,"column":2},"end":{"line":20,"column":3}},"loc":{"start":{"line":20,"column":25},"end":{"line":41,"column":3}},"line":20}},"branchMap":{},"s":{"0":1,"1":0,"2":0,"3":0,"4":0,"5":0,"6":0,"7":0,"8":0,"9":0,"10":1},"f":{"0":0,"1":0},"b":{},"_coverageSchema":"1a1c01bbd47fc00a2c39e90264f33305004495a9","hash":"937c4a33be9e98f483c069129f304d78618e63ce"}
,"/home/darwin/GlintsXBinar/Backend/Month 02/Week 06/Day 30/controllers/pelangganController.js": {"path":"/home/darwin/GlintsXBinar/Backend/Month 02/Week 06/Day 30/controllers/pelangganController.js","statementMap":{"0":{"start":{"line":1,"column":50},"end":{"line":1,"column":70}},"1":{"start":{"line":5,"column":4},"end":{"line":17,"column":5}},"2":{"start":{"line":6,"column":17},"end":{"line":6,"column":39}},"3":{"start":{"line":8,"column":6},"end":{"line":11,"column":9}},"4":{"start":{"line":13,"column":6},"end":{"line":16,"column":9}},"5":{"start":{"line":21,"column":0},"end":{"line":21,"column":43}}},"fnMap":{"0":{"name":"(anonymous_0)","decl":{"start":{"line":4,"column":2},"end":{"line":4,"column":3}},"loc":{"start":{"line":4,"column":25},"end":{"line":18,"column":3}},"line":4}},"branchMap":{},"s":{"0":1,"1":0,"2":0,"3":0,"4":0,"5":1},"f":{"0":0},"b":{},"_coverageSchema":"1a1c01bbd47fc00a2c39e90264f33305004495a9","hash":"4f857544402b959565bda3dd8adc5592e685ef8b"}
,"/home/darwin/GlintsXBinar/Backend/Month 02/Week 06/Day 30/controllers/transaksiController.js": {"path":"/home/darwin/GlintsXBinar/Backend/Month 02/Week 06/Day 30/controllers/transaksiController.js","statementMap":{"0":{"start":{"line":1,"column":50},"end":{"line":1,"column":70}},"1":{"start":{"line":6,"column":4},"end":{"line":25,"column":5}},"2":{"start":{"line":8,"column":17},"end":{"line":8,"column":39}},"3":{"start":{"line":10,"column":6},"end":{"line":14,"column":7}},"4":{"start":{"line":11,"column":8},"end":{"line":13,"column":11}},"5":{"start":{"line":16,"column":6},"end":{"line":19,"column":9}},"6":{"start":{"line":21,"column":6},"end":{"line":24,"column":9}},"7":{"start":{"line":30,"column":4},"end":{"line":49,"column":5}},"8":{"start":{"line":32,"column":17},"end":{"line":32,"column":64}},"9":{"start":{"line":34,"column":6},"end":{"line":38,"column":7}},"10":{"start":{"line":35,"column":8},"end":{"line":37,"column":11}},"11":{"start":{"line":40,"column":6},"end":{"line":43,"column":9}},"12":{"start":{"line":45,"column":6},"end":{"line":48,"column":9}},"13":{"start":{"line":54,"column":4},"end":{"line":75,"column":5}},"14":{"start":{"line":56,"column":17},"end":{"line":56,"column":49}},"15":{"start":{"line":65,"column":6},"end":{"line":68,"column":9}},"16":{"start":{"line":70,"column":6},"end":{"line":70,"column":21}},"17":{"start":{"line":71,"column":6},"end":{"line":74,"column":9}},"18":{"start":{"line":79,"column":4},"end":{"line":103,"column":5}},"19":{"start":{"line":81,"column":17},"end":{"line":89,"column":7}},"20":{"start":{"line":94,"column":6},"end":{"line":97,"column":9}},"21":{"start":{"line":99,"column":6},"end":{"line":102,"column":9}},"22":{"start":{"line":108,"column":4},"end":{"line":120,"column":5}},"23":{"start":{"line":110,"column":6},"end":{"line":110,"column":53}},"24":{"start":{"line":112,"column":6},"end":{"line":114,"column":9}},"25":{"start":{"line":116,"column":6},"end":{"line":119,"column":9}},"26":{"start":{"line":124,"column":0},"end":{"line":124,"column":43}}},"fnMap":{"0":{"name":"(anonymous_0)","decl":{"start":{"line":5,"column":2},"end":{"line":5,"column":3}},"loc":{"start":{"line":5,"column":25},"end":{"line":26,"column":3}},"line":5},"1":{"name":"(anonymous_1)","decl":{"start":{"line":29,"column":2},"end":{"line":29,"column":3}},"loc":{"start":{"line":29,"column":25},"end":{"line":50,"column":3}},"line":29},"2":{"name":"(anonymous_2)","decl":{"start":{"line":53,"column":2},"end":{"line":53,"column":3}},"loc":{"start":{"line":53,"column":25},"end":{"line":76,"column":3}},"line":53},"3":{"name":"(anonymous_3)","decl":{"start":{"line":78,"column":2},"end":{"line":78,"column":3}},"loc":{"start":{"line":78,"column":25},"end":{"line":104,"column":3}},"line":78},"4":{"name":"(anonymous_4)","decl":{"start":{"line":107,"column":2},"end":{"line":107,"column":3}},"loc":{"start":{"line":107,"column":25},"end":{"line":121,"column":3}},"line":107}},"branchMap":{"0":{"loc":{"start":{"line":10,"column":6},"end":{"line":14,"column":7}},"type":"if","locations":[{"start":{"line":10,"column":6},"end":{"line":14,"column":7}},{"start":{"line":10,"column":6},"end":{"line":14,"column":7}}],"line":10},"1":{"loc":{"start":{"line":34,"column":6},"end":{"line":38,"column":7}},"type":"if","locations":[{"start":{"line":34,"column":6},"end":{"line":38,"column":7}},{"start":{"line":34,"column":6},"end":{"line":38,"column":7}}],"line":34}},"s":{"0":1,"1":0,"2":0,"3":0,"4":0,"5":0,"6":0,"7":0,"8":0,"9":0,"10":0,"11":0,"12":0,"13":0,"14":0,"15":0,"16":0,"17":0,"18":0,"19":0,"20":0,"21":0,"22":0,"23":0,"24":0,"25":0,"26":1},"f":{"0":0,"1":0,"2":0,"3":0,"4":0},"b":{"0":[0,0],"1":[0,0]},"_coverageSchema":"1a1c01bbd47fc00a2c39e90264f33305004495a9","hash":"eb5480b93f9485415762c00372e76b53a796f290"}
,"/home/darwin/GlintsXBinar/Backend/Month 02/Week 06/Day 30/middlewares/auth/index.js": {"path":"/home/darwin/GlintsXBinar/Backend/Month 02/Week 06/Day 30/middlewares/auth/index.js","statementMap":{"0":{"start":{"line":1,"column":17},"end":{"line":1,"column":36}},"1":{"start":{"line":2,"column":22},"end":{"line":2,"column":56}},"2":{"start":{"line":3,"column":15},"end":{"line":3,"column":32}},"3":{"start":{"line":4,"column":20},"end":{"line":4,"column":52}},"4":{"start":{"line":5,"column":19},"end":{"line":5,"column":53}},"5":{"start":{"line":6,"column":17},"end":{"line":6,"column":40}},"6":{"start":{"line":9,"column":0},"end":{"line":39,"column":2}},"7":{"start":{"line":11,"column":2},"end":{"line":38,"column":21}},"8":{"start":{"line":18,"column":4},"end":{"line":23,"column":5}},"9":{"start":{"line":19,"column":6},"end":{"line":22,"column":9}},"10":{"start":{"line":26,"column":4},"end":{"line":30,"column":5}},"11":{"start":{"line":27,"column":6},"end":{"line":29,"column":9}},"12":{"start":{"line":34,"column":4},"end":{"line":34,"column":20}},"13":{"start":{"line":37,"column":4},"end":{"line":37,"column":11}},"14":{"start":{"line":42,"column":0},"end":{"line":74,"column":2}},"15":{"start":{"line":51,"column":6},"end":{"line":71,"column":7}},"16":{"start":{"line":54,"column":25},"end":{"line":54,"column":52}},"17":{"start":{"line":60,"column":8},"end":{"line":62,"column":11}},"18":{"start":{"line":68,"column":8},"end":{"line":70,"column":11}},"19":{"start":{"line":77,"column":0},"end":{"line":107,"column":2}},"20":{"start":{"line":79,"column":2},"end":{"line":106,"column":21}},"21":{"start":{"line":86,"column":4},"end":{"line":91,"column":5}},"22":{"start":{"line":87,"column":6},"end":{"line":90,"column":9}},"23":{"start":{"line":94,"column":4},"end":{"line":98,"column":5}},"24":{"start":{"line":95,"column":6},"end":{"line":97,"column":9}},"25":{"start":{"line":102,"column":4},"end":{"line":102,"column":20}},"26":{"start":{"line":105,"column":4},"end":{"line":105,"column":11}},"27":{"start":{"line":110,"column":0},"end":{"line":158,"column":2}},"28":{"start":{"line":119,"column":6},"end":{"line":155,"column":7}},"29":{"start":{"line":122,"column":25},"end":{"line":122,"column":54}},"30":{"start":{"line":125,"column":8},"end":{"line":129,"column":9}},"31":{"start":{"line":126,"column":10},"end":{"line":128,"column":13}},"32":{"start":{"line":132,"column":23},"end":{"line":132,"column":74}},"33":{"start":{"line":135,"column":8},"end":{"line":139,"column":9}},"34":{"start":{"line":136,"column":10},"end":{"line":138,"column":13}},"35":{"start":{"line":144,"column":8},"end":{"line":146,"column":11}},"36":{"start":{"line":152,"column":8},"end":{"line":154,"column":11}},"37":{"start":{"line":161,"column":0},"end":{"line":191,"column":2}},"38":{"start":{"line":163,"column":2},"end":{"line":190,"column":21}},"39":{"start":{"line":170,"column":4},"end":{"line":175,"column":5}},"40":{"start":{"line":171,"column":6},"end":{"line":174,"column":9}},"41":{"start":{"line":178,"column":4},"end":{"line":182,"column":5}},"42":{"start":{"line":179,"column":6},"end":{"line":181,"column":9}},"43":{"start":{"line":186,"column":4},"end":{"line":186,"column":20}},"44":{"start":{"line":189,"column":4},"end":{"line":189,"column":11}},"45":{"start":{"line":193,"column":0},"end":{"line":220,"column":2}},"46":{"start":{"line":201,"column":6},"end":{"line":217,"column":7}},"47":{"start":{"line":203,"column":26},"end":{"line":203,"column":68}},"48":{"start":{"line":206,"column":8},"end":{"line":208,"column":9}},"49":{"start":{"line":207,"column":10},"end":{"line":207,"column":40}},"50":{"start":{"line":210,"column":8},"end":{"line":212,"column":11}},"51":{"start":{"line":214,"column":8},"end":{"line":216,"column":11}},"52":{"start":{"line":223,"column":0},"end":{"line":253,"column":2}},"53":{"start":{"line":225,"column":2},"end":{"line":252,"column":21}},"54":{"start":{"line":232,"column":4},"end":{"line":237,"column":5}},"55":{"start":{"line":233,"column":6},"end":{"line":236,"column":9}},"56":{"start":{"line":240,"column":4},"end":{"line":244,"column":5}},"57":{"start":{"line":241,"column":6},"end":{"line":243,"column":9}},"58":{"start":{"line":248,"column":4},"end":{"line":248,"column":20}},"59":{"start":{"line":251,"column":4},"end":{"line":251,"column":11}},"60":{"start":{"line":255,"column":0},"end":{"line":283,"column":2}},"61":{"start":{"line":264,"column":6},"end":{"line":280,"column":7}},"62":{"start":{"line":266,"column":26},"end":{"line":266,"column":68}},"63":{"start":{"line":269,"column":8},"end":{"line":271,"column":9}},"64":{"start":{"line":270,"column":10},"end":{"line":270,"column":40}},"65":{"start":{"line":273,"column":8},"end":{"line":275,"column":11}},"66":{"start":{"line":277,"column":8},"end":{"line":279,"column":11}},"67":{"start":{"line":286,"column":0},"end":{"line":316,"column":2}},"68":{"start":{"line":288,"column":2},"end":{"line":315,"column":21}},"69":{"start":{"line":295,"column":4},"end":{"line":300,"column":5}},"70":{"start":{"line":296,"column":6},"end":{"line":299,"column":9}},"71":{"start":{"line":303,"column":4},"end":{"line":307,"column":5}},"72":{"start":{"line":304,"column":6},"end":{"line":306,"column":9}},"73":{"start":{"line":311,"column":4},"end":{"line":311,"column":20}},"74":{"start":{"line":314,"column":4},"end":{"line":314,"column":11}},"75":{"start":{"line":318,"column":0},"end":{"line":348,"column":2}},"76":{"start":{"line":326,"column":6},"end":{"line":345,"column":7}},"77":{"start":{"line":328,"column":25},"end":{"line":328,"column":67}},"78":{"start":{"line":331,"column":8},"end":{"line":336,"column":9}},"79":{"start":{"line":335,"column":10},"end":{"line":335,"column":40}},"80":{"start":{"line":338,"column":8},"end":{"line":340,"column":11}},"81":{"start":{"line":342,"column":8},"end":{"line":344,"column":11}}},"fnMap":{"0":{"name":"(anonymous_0)","decl":{"start":{"line":9,"column":17},"end":{"line":9,"column":18}},"loc":{"start":{"line":9,"column":37},"end":{"line":39,"column":1}},"line":9},"1":{"name":"(anonymous_1)","decl":{"start":{"line":11,"column":54},"end":{"line":11,"column":55}},"loc":{"start":{"line":11,"column":75},"end":{"line":38,"column":3}},"line":11},"2":{"name":"(anonymous_2)","decl":{"start":{"line":50,"column":4},"end":{"line":50,"column":5}},"loc":{"start":{"line":50,"column":42},"end":{"line":72,"column":5}},"line":50},"3":{"name":"(anonymous_3)","decl":{"start":{"line":77,"column":17},"end":{"line":77,"column":18}},"loc":{"start":{"line":77,"column":37},"end":{"line":107,"column":1}},"line":77},"4":{"name":"(anonymous_4)","decl":{"start":{"line":79,"column":54},"end":{"line":79,"column":55}},"loc":{"start":{"line":79,"column":75},"end":{"line":106,"column":3}},"line":79},"5":{"name":"(anonymous_5)","decl":{"start":{"line":118,"column":4},"end":{"line":118,"column":5}},"loc":{"start":{"line":118,"column":42},"end":{"line":156,"column":5}},"line":118},"6":{"name":"(anonymous_6)","decl":{"start":{"line":161,"column":16},"end":{"line":161,"column":17}},"loc":{"start":{"line":161,"column":36},"end":{"line":191,"column":1}},"line":161},"7":{"name":"(anonymous_7)","decl":{"start":{"line":163,"column":30},"end":{"line":163,"column":31}},"loc":{"start":{"line":163,"column":51},"end":{"line":190,"column":3}},"line":163},"8":{"name":"(anonymous_8)","decl":{"start":{"line":200,"column":4},"end":{"line":200,"column":5}},"loc":{"start":{"line":200,"column":27},"end":{"line":218,"column":5}},"line":200},"9":{"name":"(anonymous_9)","decl":{"start":{"line":223,"column":15},"end":{"line":223,"column":16}},"loc":{"start":{"line":223,"column":35},"end":{"line":253,"column":1}},"line":223},"10":{"name":"(anonymous_10)","decl":{"start":{"line":225,"column":29},"end":{"line":225,"column":30}},"loc":{"start":{"line":225,"column":50},"end":{"line":252,"column":3}},"line":225},"11":{"name":"(anonymous_11)","decl":{"start":{"line":262,"column":4},"end":{"line":262,"column":5}},"loc":{"start":{"line":262,"column":27},"end":{"line":281,"column":5}},"line":262},"12":{"name":"(anonymous_12)","decl":{"start":{"line":286,"column":22},"end":{"line":286,"column":23}},"loc":{"start":{"line":286,"column":42},"end":{"line":316,"column":1}},"line":286},"13":{"name":"(anonymous_13)","decl":{"start":{"line":288,"column":36},"end":{"line":288,"column":37}},"loc":{"start":{"line":288,"column":57},"end":{"line":315,"column":3}},"line":288},"14":{"name":"(anonymous_14)","decl":{"start":{"line":325,"column":4},"end":{"line":325,"column":5}},"loc":{"start":{"line":325,"column":27},"end":{"line":346,"column":5}},"line":325}},"branchMap":{"0":{"loc":{"start":{"line":18,"column":4},"end":{"line":23,"column":5}},"type":"if","locations":[{"start":{"line":18,"column":4},"end":{"line":23,"column":5}},{"start":{"line":18,"column":4},"end":{"line":23,"column":5}}],"line":18},"1":{"loc":{"start":{"line":26,"column":4},"end":{"line":30,"column":5}},"type":"if","locations":[{"start":{"line":26,"column":4},"end":{"line":30,"column":5}},{"start":{"line":26,"column":4},"end":{"line":30,"column":5}}],"line":26},"2":{"loc":{"start":{"line":86,"column":4},"end":{"line":91,"column":5}},"type":"if","locations":[{"start":{"line":86,"column":4},"end":{"line":91,"column":5}},{"start":{"line":86,"column":4},"end":{"line":91,"column":5}}],"line":86},"3":{"loc":{"start":{"line":94,"column":4},"end":{"line":98,"column":5}},"type":"if","locations":[{"start":{"line":94,"column":4},"end":{"line":98,"column":5}},{"start":{"line":94,"column":4},"end":{"line":98,"column":5}}],"line":94},"4":{"loc":{"start":{"line":125,"column":8},"end":{"line":129,"column":9}},"type":"if","locations":[{"start":{"line":125,"column":8},"end":{"line":129,"column":9}},{"start":{"line":125,"column":8},"end":{"line":129,"column":9}}],"line":125},"5":{"loc":{"start":{"line":135,"column":8},"end":{"line":139,"column":9}},"type":"if","locations":[{"start":{"line":135,"column":8},"end":{"line":139,"column":9}},{"start":{"line":135,"column":8},"end":{"line":139,"column":9}}],"line":135},"6":{"loc":{"start":{"line":170,"column":4},"end":{"line":175,"column":5}},"type":"if","locations":[{"start":{"line":170,"column":4},"end":{"line":175,"column":5}},{"start":{"line":170,"column":4},"end":{"line":175,"column":5}}],"line":170},"7":{"loc":{"start":{"line":178,"column":4},"end":{"line":182,"column":5}},"type":"if","locations":[{"start":{"line":178,"column":4},"end":{"line":182,"column":5}},{"start":{"line":178,"column":4},"end":{"line":182,"column":5}}],"line":178},"8":{"loc":{"start":{"line":206,"column":8},"end":{"line":208,"column":9}},"type":"if","locations":[{"start":{"line":206,"column":8},"end":{"line":208,"column":9}},{"start":{"line":206,"column":8},"end":{"line":208,"column":9}}],"line":206},"9":{"loc":{"start":{"line":232,"column":4},"end":{"line":237,"column":5}},"type":"if","locations":[{"start":{"line":232,"column":4},"end":{"line":237,"column":5}},{"start":{"line":232,"column":4},"end":{"line":237,"column":5}}],"line":232},"10":{"loc":{"start":{"line":240,"column":4},"end":{"line":244,"column":5}},"type":"if","locations":[{"start":{"line":240,"column":4},"end":{"line":244,"column":5}},{"start":{"line":240,"column":4},"end":{"line":244,"column":5}}],"line":240},"11":{"loc":{"start":{"line":269,"column":8},"end":{"line":271,"column":9}},"type":"if","locations":[{"start":{"line":269,"column":8},"end":{"line":271,"column":9}},{"start":{"line":269,"column":8},"end":{"line":271,"column":9}}],"line":269},"12":{"loc":{"start":{"line":295,"column":4},"end":{"line":300,"column":5}},"type":"if","locations":[{"start":{"line":295,"column":4},"end":{"line":300,"column":5}},{"start":{"line":295,"column":4},"end":{"line":300,"column":5}}],"line":295},"13":{"loc":{"start":{"line":303,"column":4},"end":{"line":307,"column":5}},"type":"if","locations":[{"start":{"line":303,"column":4},"end":{"line":307,"column":5}},{"start":{"line":303,"column":4},"end":{"line":307,"column":5}}],"line":303},"14":{"loc":{"start":{"line":331,"column":8},"end":{"line":336,"column":9}},"type":"if","locations":[{"start":{"line":331,"column":8},"end":{"line":336,"column":9}},{"start":{"line":331,"column":8},"end":{"line":336,"column":9}}],"line":331},"15":{"loc":{"start":{"line":332,"column":10},"end":{"line":333,"column":43}},"type":"binary-expr","locations":[{"start":{"line":332,"column":10},"end":{"line":332,"column":42}},{"start":{"line":333,"column":10},"end":{"line":333,"column":43}}],"line":332}},"s":{"0":1,"1":1,"2":1,"3":1,"4":1,"5":1,"6":1,"7":2,"8":2,"9":0,"10":2,"11":1,"12":1,"13":1,"14":1,"15":2,"16":2,"17":1,"18":1,"19":1,"20":1,"21":1,"22":0,"23":1,"24":0,"25":1,"26":1,"27":1,"28":1,"29":1,"30":1,"31":0,"32":1,"33":1,"34":0,"35":1,"36":0,"37":1,"38":0,"39":0,"40":0,"41":0,"42":0,"43":0,"44":0,"45":1,"46":0,"47":0,"48":0,"49":0,"50":0,"51":0,"52":1,"53":0,"54":0,"55":0,"56":0,"57":0,"58":0,"59":0,"60":1,"61":0,"62":0,"63":0,"64":0,"65":0,"66":0,"67":1,"68":0,"69":0,"70":0,"71":0,"72":0,"73":0,"74":0,"75":1,"76":0,"77":0,"78":0,"79":0,"80":0,"81":0},"f":{"0":2,"1":2,"2":2,"3":1,"4":1,"5":1,"6":0,"7":0,"8":0,"9":0,"10":0,"11":0,"12":0,"13":0,"14":0},"b":{"0":[0,2],"1":[1,1],"2":[0,1],"3":[0,1],"4":[0,1],"5":[0,1],"6":[0,0],"7":[0,0],"8":[0,0],"9":[0,0],"10":[0,0],"11":[0,0],"12":[0,0],"13":[0,0],"14":[0,0],"15":[0,0]},"_coverageSchema":"1a1c01bbd47fc00a2c39e90264f33305004495a9","hash":"0b5c9f84f390d4f34669ca62da75d4f77cf3ad91"}
,"/home/darwin/GlintsXBinar/Backend/Month 02/Week 06/Day 30/middlewares/validators/authValidator.js": {"path":"/home/darwin/GlintsXBinar/Backend/Month 02/Week 06/Day 30/middlewares/validators/authValidator.js","statementMap":{"0":{"start":{"line":1,"column":18},"end":{"line":1,"column":38}},"1":{"start":{"line":4,"column":0},"end":{"line":36,"column":2}},"2":{"start":{"line":5,"column":2},"end":{"line":35,"column":3}},"3":{"start":{"line":6,"column":17},"end":{"line":6,"column":19}},"4":{"start":{"line":8,"column":4},"end":{"line":10,"column":5}},"5":{"start":{"line":9,"column":6},"end":{"line":9,"column":53}},"6":{"start":{"line":12,"column":4},"end":{"line":16,"column":5}},"7":{"start":{"line":13,"column":6},"end":{"line":15,"column":8}},"8":{"start":{"line":18,"column":4},"end":{"line":20,"column":5}},"9":{"start":{"line":19,"column":6},"end":{"line":19,"column":68}},"10":{"start":{"line":22,"column":4},"end":{"line":27,"column":5}},"11":{"start":{"line":24,"column":6},"end":{"line":26,"column":9}},"12":{"start":{"line":29,"column":4},"end":{"line":29,"column":11}},"13":{"start":{"line":31,"column":4},"end":{"line":34,"column":7}},"14":{"start":{"line":39,"column":0},"end":{"line":67,"column":2}},"15":{"start":{"line":40,"column":2},"end":{"line":66,"column":3}},"16":{"start":{"line":41,"column":17},"end":{"line":41,"column":19}},"17":{"start":{"line":43,"column":4},"end":{"line":45,"column":5}},"18":{"start":{"line":44,"column":6},"end":{"line":44,"column":53}},"19":{"start":{"line":47,"column":4},"end":{"line":51,"column":5}},"20":{"start":{"line":48,"column":6},"end":{"line":50,"column":8}},"21":{"start":{"line":53,"column":4},"end":{"line":58,"column":5}},"22":{"start":{"line":55,"column":6},"end":{"line":57,"column":9}},"23":{"start":{"line":60,"column":4},"end":{"line":60,"column":11}},"24":{"start":{"line":62,"column":4},"end":{"line":65,"column":7}}},"fnMap":{"0":{"name":"(anonymous_0)","decl":{"start":{"line":4,"column":17},"end":{"line":4,"column":18}},"loc":{"start":{"line":4,"column":43},"end":{"line":36,"column":1}},"line":4},"1":{"name":"(anonymous_1)","decl":{"start":{"line":39,"column":17},"end":{"line":39,"column":18}},"loc":{"start":{"line":39,"column":43},"end":{"line":67,"column":1}},"line":39}},"branchMap":{"0":{"loc":{"start":{"line":8,"column":4},"end":{"line":10,"column":5}},"type":"if","locations":[{"start":{"line":8,"column":4},"end":{"line":10,"column":5}},{"start":{"line":8,"column":4},"end":{"line":10,"column":5}}],"line":8},"1":{"loc":{"start":{"line":12,"column":4},"end":{"line":16,"column":5}},"type":"if","locations":[{"start":{"line":12,"column":4},"end":{"line":16,"column":5}},{"start":{"line":12,"column":4},"end":{"line":16,"column":5}}],"line":12},"2":{"loc":{"start":{"line":18,"column":4},"end":{"line":20,"column":5}},"type":"if","locations":[{"start":{"line":18,"column":4},"end":{"line":20,"column":5}},{"start":{"line":18,"column":4},"end":{"line":20,"column":5}}],"line":18},"3":{"loc":{"start":{"line":22,"column":4},"end":{"line":27,"column":5}},"type":"if","locations":[{"start":{"line":22,"column":4},"end":{"line":27,"column":5}},{"start":{"line":22,"column":4},"end":{"line":27,"column":5}}],"line":22},"4":{"loc":{"start":{"line":43,"column":4},"end":{"line":45,"column":5}},"type":"if","locations":[{"start":{"line":43,"column":4},"end":{"line":45,"column":5}},{"start":{"line":43,"column":4},"end":{"line":45,"column":5}}],"line":43},"5":{"loc":{"start":{"line":47,"column":4},"end":{"line":51,"column":5}},"type":"if","locations":[{"start":{"line":47,"column":4},"end":{"line":51,"column":5}},{"start":{"line":47,"column":4},"end":{"line":51,"column":5}}],"line":47},"6":{"loc":{"start":{"line":53,"column":4},"end":{"line":58,"column":5}},"type":"if","locations":[{"start":{"line":53,"column":4},"end":{"line":58,"column":5}},{"start":{"line":53,"column":4},"end":{"line":58,"column":5}}],"line":53}},"s":{"0":1,"1":1,"2":2,"3":2,"4":2,"5":0,"6":2,"7":0,"8":2,"9":0,"10":2,"11":0,"12":2,"13":0,"14":1,"15":1,"16":1,"17":1,"18":0,"19":1,"20":0,"21":1,"22":0,"23":1,"24":0},"f":{"0":2,"1":1},"b":{"0":[0,2],"1":[0,2],"2":[0,2],"3":[0,2],"4":[0,1],"5":[0,1],"6":[0,1]},"_coverageSchema":"1a1c01bbd47fc00a2c39e90264f33305004495a9","hash":"e8445b0c948dacefb86203507de23a473b6ea549"}
,"/home/darwin/GlintsXBinar/Backend/Month 02/Week 06/Day 30/middlewares/validators/barangValidator.js": {"path":"/home/darwin/GlintsXBinar/Backend/Month 02/Week 06/Day 30/middlewares/validators/barangValidator.js","statementMap":{"0":{"start":{"line":1,"column":15},"end":{"line":1,"column":32}},"1":{"start":{"line":2,"column":13},"end":{"line":2,"column":28}},"2":{"start":{"line":3,"column":17},"end":{"line":3,"column":36}},"3":{"start":{"line":4,"column":18},"end":{"line":4,"column":38}},"4":{"start":{"line":5,"column":50},"end":{"line":5,"column":73}},"5":{"start":{"line":7,"column":0},"end":{"line":100,"column":2}},"6":{"start":{"line":8,"column":2},"end":{"line":99,"column":3}},"7":{"start":{"line":10,"column":17},"end":{"line":10,"column":19}},"8":{"start":{"line":13,"column":4},"end":{"line":17,"column":5}},"9":{"start":{"line":14,"column":6},"end":{"line":16,"column":8}},"10":{"start":{"line":20,"column":4},"end":{"line":24,"column":5}},"11":{"start":{"line":21,"column":6},"end":{"line":23,"column":9}},"12":{"start":{"line":26,"column":19},"end":{"line":29,"column":6}},"13":{"start":{"line":32,"column":4},"end":{"line":34,"column":5}},"14":{"start":{"line":33,"column":6},"end":{"line":33,"column":40}},"15":{"start":{"line":37,"column":4},"end":{"line":39,"column":5}},"16":{"start":{"line":38,"column":6},"end":{"line":38,"column":39}},"17":{"start":{"line":42,"column":4},"end":{"line":44,"column":5}},"18":{"start":{"line":43,"column":6},"end":{"line":43,"column":44}},"19":{"start":{"line":47,"column":4},"end":{"line":52,"column":5}},"20":{"start":{"line":49,"column":6},"end":{"line":51,"column":9}},"21":{"start":{"line":55,"column":4},"end":{"line":88,"column":5}},"22":{"start":{"line":56,"column":19},"end":{"line":56,"column":34}},"23":{"start":{"line":59,"column":6},"end":{"line":61,"column":7}},"24":{"start":{"line":60,"column":8},"end":{"line":60,"column":45}},"25":{"start":{"line":64,"column":6},"end":{"line":66,"column":7}},"26":{"start":{"line":65,"column":8},"end":{"line":65,"column":51}},"27":{"start":{"line":69,"column":21},"end":{"line":69,"column":59}},"28":{"start":{"line":72,"column":6},"end":{"line":72,"column":60}},"29":{"start":{"line":75,"column":6},"end":{"line":75,"column":33}},"30":{"start":{"line":78,"column":6},"end":{"line":87,"column":9}},"31":{"start":{"line":79,"column":8},"end":{"line":86,"column":9}},"32":{"start":{"line":80,"column":10},"end":{"line":80,"column":29}},"33":{"start":{"line":82,"column":10},"end":{"line":85,"column":13}},"34":{"start":{"line":90,"column":4},"end":{"line":90,"column":43}},"35":{"start":{"line":93,"column":4},"end":{"line":93,"column":11}},"36":{"start":{"line":95,"column":4},"end":{"line":98,"column":7}}},"fnMap":{"0":{"name":"(anonymous_0)","decl":{"start":{"line":7,"column":17},"end":{"line":7,"column":18}},"loc":{"start":{"line":7,"column":43},"end":{"line":100,"column":1}},"line":7},"1":{"name":"(anonymous_1)","decl":{"start":{"line":78,"column":46},"end":{"line":78,"column":47}},"loc":{"start":{"line":78,"column":61},"end":{"line":87,"column":7}},"line":78}},"branchMap":{"0":{"loc":{"start":{"line":13,"column":4},"end":{"line":17,"column":5}},"type":"if","locations":[{"start":{"line":13,"column":4},"end":{"line":17,"column":5}},{"start":{"line":13,"column":4},"end":{"line":17,"column":5}}],"line":13},"1":{"loc":{"start":{"line":20,"column":4},"end":{"line":24,"column":5}},"type":"if","locations":[{"start":{"line":20,"column":4},"end":{"line":24,"column":5}},{"start":{"line":20,"column":4},"end":{"line":24,"column":5}}],"line":20},"2":{"loc":{"start":{"line":32,"column":4},"end":{"line":34,"column":5}},"type":"if","locations":[{"start":{"line":32,"column":4},"end":{"line":34,"column":5}},{"start":{"line":32,"column":4},"end":{"line":34,"column":5}}],"line":32},"3":{"loc":{"start":{"line":37,"column":4},"end":{"line":39,"column":5}},"type":"if","locations":[{"start":{"line":37,"column":4},"end":{"line":39,"column":5}},{"start":{"line":37,"column":4},"end":{"line":39,"column":5}}],"line":37},"4":{"loc":{"start":{"line":42,"column":4},"end":{"line":44,"column":5}},"type":"if","locations":[{"start":{"line":42,"column":4},"end":{"line":44,"column":5}},{"start":{"line":42,"column":4},"end":{"line":44,"column":5}}],"line":42},"5":{"loc":{"start":{"line":47,"column":4},"end":{"line":52,"column":5}},"type":"if","locations":[{"start":{"line":47,"column":4},"end":{"line":52,"column":5}},{"start":{"line":47,"column":4},"end":{"line":52,"column":5}}],"line":47},"6":{"loc":{"start":{"line":55,"column":4},"end":{"line":88,"column":5}},"type":"if","locations":[{"start":{"line":55,"column":4},"end":{"line":88,"column":5}},{"start":{"line":55,"column":4},"end":{"line":88,"column":5}}],"line":55},"7":{"loc":{"start":{"line":59,"column":6},"end":{"line":61,"column":7}},"type":"if","locations":[{"start":{"line":59,"column":6},"end":{"line":61,"column":7}},{"start":{"line":59,"column":6},"end":{"line":61,"column":7}}],"line":59},"8":{"loc":{"start":{"line":64,"column":6},"end":{"line":66,"column":7}},"type":"if","locations":[{"start":{"line":64,"column":6},"end":{"line":66,"column":7}},{"start":{"line":64,"column":6},"end":{"line":66,"column":7}}],"line":64},"9":{"loc":{"start":{"line":79,"column":8},"end":{"line":86,"column":9}},"type":"if","locations":[{"start":{"line":79,"column":8},"end":{"line":86,"column":9}},{"start":{"line":79,"column":8},"end":{"line":86,"column":9}}],"line":79}},"s":{"0":1,"1":1,"2":1,"3":1,"4":1,"5":1,"6":0,"7":0,"8":0,"9":0,"10":0,"11":0,"12":0,"13":0,"14":0,"15":0,"16":0,"17":0,"18":0,"19":0,"20":0,"21":0,"22":0,"23":0,"24":0,"25":0,"26":0,"27":0,"28":0,"29":0,"30":0,"31":0,"32":0,"33":0,"34":0,"35":0,"36":0},"f":{"0":0,"1":0},"b":{"0":[0,0],"1":[0,0],"2":[0,0],"3":[0,0],"4":[0,0],"5":[0,0],"6":[0,0],"7":[0,0],"8":[0,0],"9":[0,0]},"_coverageSchema":"1a1c01bbd47fc00a2c39e90264f33305004495a9","hash":"4e0dab3c40227214db2973dad46ba86e9b9d3cc6"}
,"/home/darwin/GlintsXBinar/Backend/Month 02/Week 06/Day 30/middlewares/validators/transaksiValidator.js": {"path":"/home/darwin/GlintsXBinar/Backend/Month 02/Week 06/Day 30/middlewares/validators/transaksiValidator.js","statementMap":{"0":{"start":{"line":1,"column":17},"end":{"line":1,"column":36}},"1":{"start":{"line":2,"column":18},"end":{"line":2,"column":38}},"2":{"start":{"line":3,"column":50},"end":{"line":3,"column":73}},"3":{"start":{"line":5,"column":0},"end":{"line":22,"column":2}},"4":{"start":{"line":6,"column":2},"end":{"line":21,"column":3}},"5":{"start":{"line":8,"column":4},"end":{"line":13,"column":5}},"6":{"start":{"line":9,"column":6},"end":{"line":12,"column":9}},"7":{"start":{"line":15,"column":4},"end":{"line":15,"column":11}},"8":{"start":{"line":17,"column":4},"end":{"line":20,"column":7}},"9":{"start":{"line":24,"column":0},"end":{"line":90,"column":2}},"10":{"start":{"line":25,"column":2},"end":{"line":89,"column":3}},"11":{"start":{"line":26,"column":17},"end":{"line":26,"column":19}},"12":{"start":{"line":29,"column":4},"end":{"line":33,"column":5}},"13":{"start":{"line":30,"column":6},"end":{"line":32,"column":8}},"14":{"start":{"line":36,"column":4},"end":{"line":40,"column":5}},"15":{"start":{"line":37,"column":6},"end":{"line":39,"column":8}},"16":{"start":{"line":43,"column":4},"end":{"line":47,"column":5}},"17":{"start":{"line":44,"column":6},"end":{"line":46,"column":9}},"18":{"start":{"line":50,"column":19},"end":{"line":53,"column":6}},"19":{"start":{"line":56,"column":4},"end":{"line":58,"column":5}},"20":{"start":{"line":57,"column":6},"end":{"line":57,"column":38}},"21":{"start":{"line":61,"column":4},"end":{"line":63,"column":5}},"22":{"start":{"line":62,"column":6},"end":{"line":62,"column":41}},"23":{"start":{"line":66,"column":4},"end":{"line":68,"column":5}},"24":{"start":{"line":67,"column":6},"end":{"line":67,"column":45}},"25":{"start":{"line":71,"column":4},"end":{"line":75,"column":5}},"26":{"start":{"line":72,"column":6},"end":{"line":74,"column":9}},"27":{"start":{"line":78,"column":4},"end":{"line":78,"column":34}},"28":{"start":{"line":79,"column":4},"end":{"line":79,"column":37}},"29":{"start":{"line":80,"column":4},"end":{"line":80,"column":63}},"30":{"start":{"line":83,"column":4},"end":{"line":83,"column":11}},"31":{"start":{"line":85,"column":4},"end":{"line":88,"column":7}},"32":{"start":{"line":92,"column":0},"end":{"line":171,"column":2}},"33":{"start":{"line":93,"column":2},"end":{"line":170,"column":3}},"34":{"start":{"line":94,"column":17},"end":{"line":94,"column":19}},"35":{"start":{"line":97,"column":4},"end":{"line":101,"column":5}},"36":{"start":{"line":98,"column":6},"end":{"line":100,"column":8}},"37":{"start":{"line":104,"column":4},"end":{"line":108,"column":5}},"38":{"start":{"line":105,"column":6},"end":{"line":107,"column":8}},"39":{"start":{"line":111,"column":4},"end":{"line":115,"column":5}},"40":{"start":{"line":112,"column":6},"end":{"line":114,"column":8}},"41":{"start":{"line":118,"column":4},"end":{"line":122,"column":5}},"42":{"start":{"line":119,"column":6},"end":{"line":121,"column":9}},"43":{"start":{"line":125,"column":19},"end":{"line":129,"column":6}},"44":{"start":{"line":132,"column":4},"end":{"line":134,"column":5}},"45":{"start":{"line":133,"column":6},"end":{"line":133,"column":38}},"46":{"start":{"line":137,"column":4},"end":{"line":139,"column":5}},"47":{"start":{"line":138,"column":6},"end":{"line":138,"column":41}},"48":{"start":{"line":142,"column":4},"end":{"line":144,"column":5}},"49":{"start":{"line":143,"column":6},"end":{"line":143,"column":41}},"50":{"start":{"line":147,"column":4},"end":{"line":149,"column":5}},"51":{"start":{"line":148,"column":6},"end":{"line":148,"column":45}},"52":{"start":{"line":152,"column":4},"end":{"line":156,"column":5}},"53":{"start":{"line":153,"column":6},"end":{"line":155,"column":9}},"54":{"start":{"line":159,"column":4},"end":{"line":159,"column":34}},"55":{"start":{"line":160,"column":4},"end":{"line":160,"column":37}},"56":{"start":{"line":161,"column":4},"end":{"line":161,"column":63}},"57":{"start":{"line":164,"column":4},"end":{"line":164,"column":11}},"58":{"start":{"line":166,"column":4},"end":{"line":169,"column":7}},"59":{"start":{"line":173,"column":0},"end":{"line":214,"column":2}},"60":{"start":{"line":174,"column":2},"end":{"line":213,"column":3}},"61":{"start":{"line":175,"column":17},"end":{"line":175,"column":19}},"62":{"start":{"line":178,"column":4},"end":{"line":182,"column":5}},"63":{"start":{"line":179,"column":6},"end":{"line":181,"column":8}},"64":{"start":{"line":185,"column":4},"end":{"line":189,"column":5}},"65":{"start":{"line":186,"column":6},"end":{"line":188,"column":9}},"66":{"start":{"line":192,"column":15},"end":{"line":192,"column":62}},"67":{"start":{"line":195,"column":4},"end":{"line":197,"column":5}},"68":{"start":{"line":196,"column":6},"end":{"line":196,"column":41}},"69":{"start":{"line":200,"column":4},"end":{"line":204,"column":5}},"70":{"start":{"line":201,"column":6},"end":{"line":203,"column":9}},"71":{"start":{"line":207,"column":4},"end":{"line":207,"column":11}},"72":{"start":{"line":209,"column":4},"end":{"line":212,"column":7}}},"fnMap":{"0":{"name":"(anonymous_0)","decl":{"start":{"line":5,"column":17},"end":{"line":5,"column":18}},"loc":{"start":{"line":5,"column":37},"end":{"line":22,"column":1}},"line":5},"1":{"name":"(anonymous_1)","decl":{"start":{"line":24,"column":17},"end":{"line":24,"column":18}},"loc":{"start":{"line":24,"column":43},"end":{"line":90,"column":1}},"line":24},"2":{"name":"(anonymous_2)","decl":{"start":{"line":92,"column":17},"end":{"line":92,"column":18}},"loc":{"start":{"line":92,"column":43},"end":{"line":171,"column":1}},"line":92},"3":{"name":"(anonymous_3)","decl":{"start":{"line":173,"column":17},"end":{"line":173,"column":18}},"loc":{"start":{"line":173,"column":43},"end":{"line":214,"column":1}},"line":173}},"branchMap":{"0":{"loc":{"start":{"line":8,"column":4},"end":{"line":13,"column":5}},"type":"if","locations":[{"start":{"line":8,"column":4},"end":{"line":13,"column":5}},{"start":{"line":8,"column":4},"end":{"line":13,"column":5}}],"line":8},"1":{"loc":{"start":{"line":29,"column":4},"end":{"line":33,"column":5}},"type":"if","locations":[{"start":{"line":29,"column":4},"end":{"line":33,"column":5}},{"start":{"line":29,"column":4},"end":{"line":33,"column":5}}],"line":29},"2":{"loc":{"start":{"line":36,"column":4},"end":{"line":40,"column":5}},"type":"if","locations":[{"start":{"line":36,"column":4},"end":{"line":40,"column":5}},{"start":{"line":36,"column":4},"end":{"line":40,"column":5}}],"line":36},"3":{"loc":{"start":{"line":43,"column":4},"end":{"line":47,"column":5}},"type":"if","locations":[{"start":{"line":43,"column":4},"end":{"line":47,"column":5}},{"start":{"line":43,"column":4},"end":{"line":47,"column":5}}],"line":43},"4":{"loc":{"start":{"line":56,"column":4},"end":{"line":58,"column":5}},"type":"if","locations":[{"start":{"line":56,"column":4},"end":{"line":58,"column":5}},{"start":{"line":56,"column":4},"end":{"line":58,"column":5}}],"line":56},"5":{"loc":{"start":{"line":61,"column":4},"end":{"line":63,"column":5}},"type":"if","locations":[{"start":{"line":61,"column":4},"end":{"line":63,"column":5}},{"start":{"line":61,"column":4},"end":{"line":63,"column":5}}],"line":61},"6":{"loc":{"start":{"line":66,"column":4},"end":{"line":68,"column":5}},"type":"if","locations":[{"start":{"line":66,"column":4},"end":{"line":68,"column":5}},{"start":{"line":66,"column":4},"end":{"line":68,"column":5}}],"line":66},"7":{"loc":{"start":{"line":71,"column":4},"end":{"line":75,"column":5}},"type":"if","locations":[{"start":{"line":71,"column":4},"end":{"line":75,"column":5}},{"start":{"line":71,"column":4},"end":{"line":75,"column":5}}],"line":71},"8":{"loc":{"start":{"line":97,"column":4},"end":{"line":101,"column":5}},"type":"if","locations":[{"start":{"line":97,"column":4},"end":{"line":101,"column":5}},{"start":{"line":97,"column":4},"end":{"line":101,"column":5}}],"line":97},"9":{"loc":{"start":{"line":104,"column":4},"end":{"line":108,"column":5}},"type":"if","locations":[{"start":{"line":104,"column":4},"end":{"line":108,"column":5}},{"start":{"line":104,"column":4},"end":{"line":108,"column":5}}],"line":104},"10":{"loc":{"start":{"line":111,"column":4},"end":{"line":115,"column":5}},"type":"if","locations":[{"start":{"line":111,"column":4},"end":{"line":115,"column":5}},{"start":{"line":111,"column":4},"end":{"line":115,"column":5}}],"line":111},"11":{"loc":{"start":{"line":118,"column":4},"end":{"line":122,"column":5}},"type":"if","locations":[{"start":{"line":118,"column":4},"end":{"line":122,"column":5}},{"start":{"line":118,"column":4},"end":{"line":122,"column":5}}],"line":118},"12":{"loc":{"start":{"line":132,"column":4},"end":{"line":134,"column":5}},"type":"if","locations":[{"start":{"line":132,"column":4},"end":{"line":134,"column":5}},{"start":{"line":132,"column":4},"end":{"line":134,"column":5}}],"line":132},"13":{"loc":{"start":{"line":137,"column":4},"end":{"line":139,"column":5}},"type":"if","locations":[{"start":{"line":137,"column":4},"end":{"line":139,"column":5}},{"start":{"line":137,"column":4},"end":{"line":139,"column":5}}],"line":137},"14":{"loc":{"start":{"line":142,"column":4},"end":{"line":144,"column":5}},"type":"if","locations":[{"start":{"line":142,"column":4},"end":{"line":144,"column":5}},{"start":{"line":142,"column":4},"end":{"line":144,"column":5}}],"line":142},"15":{"loc":{"start":{"line":147,"column":4},"end":{"line":149,"column":5}},"type":"if","locations":[{"start":{"line":147,"column":4},"end":{"line":149,"column":5}},{"start":{"line":147,"column":4},"end":{"line":149,"column":5}}],"line":147},"16":{"loc":{"start":{"line":152,"column":4},"end":{"line":156,"column":5}},"type":"if","locations":[{"start":{"line":152,"column":4},"end":{"line":156,"column":5}},{"start":{"line":152,"column":4},"end":{"line":156,"column":5}}],"line":152},"17":{"loc":{"start":{"line":178,"column":4},"end":{"line":182,"column":5}},"type":"if","locations":[{"start":{"line":178,"column":4},"end":{"line":182,"column":5}},{"start":{"line":178,"column":4},"end":{"line":182,"column":5}}],"line":178},"18":{"loc":{"start":{"line":185,"column":4},"end":{"line":189,"column":5}},"type":"if","locations":[{"start":{"line":185,"column":4},"end":{"line":189,"column":5}},{"start":{"line":185,"column":4},"end":{"line":189,"column":5}}],"line":185},"19":{"loc":{"start":{"line":195,"column":4},"end":{"line":197,"column":5}},"type":"if","locations":[{"start":{"line":195,"column":4},"end":{"line":197,"column":5}},{"start":{"line":195,"column":4},"end":{"line":197,"column":5}}],"line":195},"20":{"loc":{"start":{"line":200,"column":4},"end":{"line":204,"column":5}},"type":"if","locations":[{"start":{"line":200,"column":4},"end":{"line":204,"column":5}},{"start":{"line":200,"column":4},"end":{"line":204,"column":5}}],"line":200}},"s":{"0":1,"1":1,"2":1,"3":1,"4":0,"5":0,"6":0,"7":0,"8":0,"9":1,"10":0,"11":0,"12":0,"13":0,"14":0,"15":0,"16":0,"17":0,"18":0,"19":0,"20":0,"21":0,"22":0,"23":0,"24":0,"25":0,"26":0,"27":0,"28":0,"29":0,"30":0,"31":0,"32":1,"33":0,"34":0,"35":0,"36":0,"37":0,"38":0,"39":0,"40":0,"41":0,"42":0,"43":0,"44":0,"45":0,"46":0,"47":0,"48":0,"49":0,"50":0,"51":0,"52":0,"53":0,"54":0,"55":0,"56":0,"57":0,"58":0,"59":1,"60":0,"61":0,"62":0,"63":0,"64":0,"65":0,"66":0,"67":0,"68":0,"69":0,"70":0,"71":0,"72":0},"f":{"0":0,"1":0,"2":0,"3":0},"b":{"0":[0,0],"1":[0,0],"2":[0,0],"3":[0,0],"4":[0,0],"5":[0,0],"6":[0,0],"7":[0,0],"8":[0,0],"9":[0,0],"10":[0,0],"11":[0,0],"12":[0,0],"13":[0,0],"14":[0,0],"15":[0,0],"16":[0,0],"17":[0,0],"18":[0,0],"19":[0,0],"20":[0,0]},"_coverageSchema":"1a1c01bbd47fc00a2c39e90264f33305004495a9","hash":"3ffd61cacd626927c49d2573ba8ec5be206d1f15"}
,"/home/darwin/GlintsXBinar/Backend/Month 02/Week 06/Day 30/models/barang.js": {"path":"/home/darwin/GlintsXBinar/Backend/Month 02/Week 06/Day 30/models/barang.js","statementMap":{"0":{"start":{"line":1,"column":17},"end":{"line":1,"column":36}},"1":{"start":{"line":2,"column":23},"end":{"line":2,"column":49}},"2":{"start":{"line":4,"column":21},"end":{"line":36,"column":1}},"3":{"start":{"line":40,"column":2},"end":{"line":40,"column":28}},"4":{"start":{"line":44,"column":0},"end":{"line":44,"column":64}},"5":{"start":{"line":46,"column":0},"end":{"line":46,"column":66}}},"fnMap":{"0":{"name":"getImage","decl":{"start":{"line":39,"column":9},"end":{"line":39,"column":17}},"loc":{"start":{"line":39,"column":25},"end":{"line":41,"column":1}},"line":39}},"branchMap":{},"s":{"0":1,"1":1,"2":1,"3":0,"4":1,"5":1},"f":{"0":0},"b":{},"_coverageSchema":"1a1c01bbd47fc00a2c39e90264f33305004495a9","hash":"b1071337d1be1a86f9686acd885857790e0a2d33"}
,"/home/darwin/GlintsXBinar/Backend/Month 02/Week 06/Day 30/models/index.js": {"path":"/home/darwin/GlintsXBinar/Backend/Month 02/Week 06/Day 30/models/index.js","statementMap":{"0":{"start":{"line":1,"column":17},"end":{"line":1,"column":36}},"1":{"start":{"line":3,"column":12},"end":{"line":3,"column":33}},"2":{"start":{"line":6,"column":0},"end":{"line":14,"column":38}},"3":{"start":{"line":13,"column":14},"end":{"line":13,"column":47}},"4":{"start":{"line":14,"column":18},"end":{"line":14,"column":36}},"5":{"start":{"line":17,"column":15},"end":{"line":17,"column":34}},"6":{"start":{"line":18,"column":18},"end":{"line":18,"column":40}},"7":{"start":{"line":19,"column":16},"end":{"line":19,"column":36}},"8":{"start":{"line":20,"column":18},"end":{"line":20,"column":40}},"9":{"start":{"line":21,"column":13},"end":{"line":21,"column":30}},"10":{"start":{"line":24,"column":0},"end":{"line":24,"column":65}}},"fnMap":{"0":{"name":"(anonymous_0)","decl":{"start":{"line":13,"column":8},"end":{"line":13,"column":9}},"loc":{"start":{"line":13,"column":14},"end":{"line":13,"column":47}},"line":13},"1":{"name":"(anonymous_1)","decl":{"start":{"line":14,"column":9},"end":{"line":14,"column":10}},"loc":{"start":{"line":14,"column":18},"end":{"line":14,"column":36}},"line":14}},"branchMap":{},"s":{"0":1,"1":1,"2":1,"3":1,"4":0,"5":1,"6":1,"7":1,"8":1,"9":1,"10":1},"f":{"0":1,"1":0},"b":{},"_coverageSchema":"1a1c01bbd47fc00a2c39e90264f33305004495a9","hash":"b9ea90a98ccf83b9197f139b5ead2f8889cafdbb"}
,"/home/darwin/GlintsXBinar/Backend/Month 02/Week 06/Day 30/models/pelanggan.js": {"path":"/home/darwin/GlintsXBinar/Backend/Month 02/Week 06/Day 30/models/pelanggan.js","statementMap":{"0":{"start":{"line":1,"column":17},"end":{"line":1,"column":36}},"1":{"start":{"line":2,"column":23},"end":{"line":2,"column":49}},"2":{"start":{"line":4,"column":24},"end":{"line":26,"column":1}},"3":{"start":{"line":30,"column":2},"end":{"line":30,"column":28}},"4":{"start":{"line":34,"column":0},"end":{"line":34,"column":67}},"5":{"start":{"line":36,"column":0},"end":{"line":36,"column":75}}},"fnMap":{"0":{"name":"getPhoto","decl":{"start":{"line":29,"column":9},"end":{"line":29,"column":17}},"loc":{"start":{"line":29,"column":25},"end":{"line":31,"column":1}},"line":29}},"branchMap":{},"s":{"0":1,"1":1,"2":1,"3":0,"4":1,"5":1},"f":{"0":0},"b":{},"_coverageSchema":"1a1c01bbd47fc00a2c39e90264f33305004495a9","hash":"c1e4d69aeb5eb86598c8608d68f2eccab96fc01a"}
,"/home/darwin/GlintsXBinar/Backend/Month 02/Week 06/Day 30/models/pemasok.js": {"path":"/home/darwin/GlintsXBinar/Backend/Month 02/Week 06/Day 30/models/pemasok.js","statementMap":{"0":{"start":{"line":1,"column":17},"end":{"line":1,"column":36}},"1":{"start":{"line":2,"column":23},"end":{"line":2,"column":49}},"2":{"start":{"line":4,"column":22},"end":{"line":26,"column":1}},"3":{"start":{"line":30,"column":2},"end":{"line":30,"column":28}},"4":{"start":{"line":34,"column":0},"end":{"line":34,"column":65}},"5":{"start":{"line":36,"column":0},"end":{"line":36,"column":69}}},"fnMap":{"0":{"name":"getPhoto","decl":{"start":{"line":29,"column":9},"end":{"line":29,"column":17}},"loc":{"start":{"line":29,"column":25},"end":{"line":31,"column":1}},"line":29}},"branchMap":{},"s":{"0":1,"1":1,"2":1,"3":0,"4":1,"5":1},"f":{"0":0},"b":{},"_coverageSchema":"1a1c01bbd47fc00a2c39e90264f33305004495a9","hash":"ea667464a4bd0034e6e2de7980986a3ad3dd3721"}
,"/home/darwin/GlintsXBinar/Backend/Month 02/Week 06/Day 30/models/transaksi.js": {"path":"/home/darwin/GlintsXBinar/Backend/Month 02/Week 06/Day 30/models/transaksi.js","statementMap":{"0":{"start":{"line":1,"column":17},"end":{"line":1,"column":36}},"1":{"start":{"line":2,"column":23},"end":{"line":2,"column":49}},"2":{"start":{"line":4,"column":24},"end":{"line":30,"column":1}},"3":{"start":{"line":33,"column":0},"end":{"line":33,"column":67}},"4":{"start":{"line":35,"column":0},"end":{"line":35,"column":75}}},"fnMap":{},"branchMap":{},"s":{"0":1,"1":1,"2":1,"3":1,"4":1},"f":{},"b":{},"_coverageSchema":"1a1c01bbd47fc00a2c39e90264f33305004495a9","hash":"5dfbc2ae44233afb353ebb77ace771e0f9b39ee9"}
,"/home/darwin/GlintsXBinar/Backend/Month 02/Week 06/Day 30/models/user.js": {"path":"/home/darwin/GlintsXBinar/Backend/Month 02/Week 06/Day 30/models/user.js","statementMap":{"0":{"start":{"line":1,"column":17},"end":{"line":1,"column":36}},"1":{"start":{"line":2,"column":23},"end":{"line":2,"column":49}},"2":{"start":{"line":3,"column":15},"end":{"line":3,"column":32}},"3":{"start":{"line":5,"column":19},"end":{"line":36,"column":1}},"4":{"start":{"line":39,"column":26},"end":{"line":39,"column":55}},"5":{"start":{"line":40,"column":2},"end":{"line":40,"column":25}},"6":{"start":{"line":44,"column":0},"end":{"line":44,"column":62}},"7":{"start":{"line":46,"column":0},"end":{"line":46,"column":52}}},"fnMap":{"0":{"name":"encryptPassword","decl":{"start":{"line":38,"column":9},"end":{"line":38,"column":24}},"loc":{"start":{"line":38,"column":35},"end":{"line":41,"column":1}},"line":38}},"branchMap":{},"s":{"0":1,"1":1,"2":1,"3":1,"4":2,"5":2,"6":1,"7":1},"f":{"0":2},"b":{},"_coverageSchema":"1a1c01bbd47fc00a2c39e90264f33305004495a9","hash":"01174eef11d84fa7da0f5bfe58efc1264e727eec"}
,"/home/darwin/GlintsXBinar/Backend/Month 02/Week 06/Day 30/routes/authRoutes.js": {"path":"/home/darwin/GlintsXBinar/Backend/Month 02/Week 06/Day 30/routes/authRoutes.js","statementMap":{"0":{"start":{"line":1,"column":16},"end":{"line":1,"column":34}},"1":{"start":{"line":2,"column":17},"end":{"line":2,"column":36}},"2":{"start":{"line":5,"column":22},"end":{"line":5,"column":72}},"3":{"start":{"line":8,"column":23},"end":{"line":8,"column":63}},"4":{"start":{"line":11,"column":13},"end":{"line":11,"column":43}},"5":{"start":{"line":14,"column":15},"end":{"line":14,"column":31}},"6":{"start":{"line":17,"column":0},"end":{"line":22,"column":2}},"7":{"start":{"line":25,"column":0},"end":{"line":30,"column":2}},"8":{"start":{"line":32,"column":0},"end":{"line":32,"column":24}}},"fnMap":{},"branchMap":{},"s":{"0":1,"1":1,"2":1,"3":1,"4":1,"5":1,"6":1,"7":1,"8":1},"f":{},"b":{},"_coverageSchema":"1a1c01bbd47fc00a2c39e90264f33305004495a9","hash":"fb63b4e122e1d0f1207090e1935b9f9dcd7adc35"}
,"/home/darwin/GlintsXBinar/Backend/Month 02/Week 06/Day 30/routes/barangRoutes.js": {"path":"/home/darwin/GlintsXBinar/Backend/Month 02/Week 06/Day 30/routes/barangRoutes.js","statementMap":{"0":{"start":{"line":1,"column":16},"end":{"line":1,"column":34}},"1":{"start":{"line":2,"column":15},"end":{"line":2,"column":31}},"2":{"start":{"line":5,"column":24},"end":{"line":5,"column":76}},"3":{"start":{"line":8,"column":25},"end":{"line":8,"column":67}},"4":{"start":{"line":10,"column":0},"end":{"line":10,"column":41}},"5":{"start":{"line":15,"column":0},"end":{"line":15,"column":66}},"6":{"start":{"line":17,"column":0},"end":{"line":17,"column":24}}},"fnMap":{},"branchMap":{},"s":{"0":1,"1":1,"2":1,"3":1,"4":1,"5":1,"6":1},"f":{},"b":{},"_coverageSchema":"1a1c01bbd47fc00a2c39e90264f33305004495a9","hash":"97c4ca66e3674605c63de4bce7da8779660dbdcb"}
,"/home/darwin/GlintsXBinar/Backend/Month 02/Week 06/Day 30/routes/pelangganRoutes.js": {"path":"/home/darwin/GlintsXBinar/Backend/Month 02/Week 06/Day 30/routes/pelangganRoutes.js","statementMap":{"0":{"start":{"line":1,"column":16},"end":{"line":1,"column":34}},"1":{"start":{"line":4,"column":28},"end":{"line":4,"column":73}},"2":{"start":{"line":7,"column":13},"end":{"line":7,"column":43}},"3":{"start":{"line":10,"column":15},"end":{"line":10,"column":31}},"4":{"start":{"line":12,"column":0},"end":{"line":12,"column":50}},"5":{"start":{"line":14,"column":0},"end":{"line":14,"column":24}}},"fnMap":{},"branchMap":{},"s":{"0":1,"1":1,"2":1,"3":1,"4":1,"5":1},"f":{},"b":{},"_coverageSchema":"1a1c01bbd47fc00a2c39e90264f33305004495a9","hash":"7bf6c39c3bb762c5871f1658ecda84848722e651"}
,"/home/darwin/GlintsXBinar/Backend/Month 02/Week 06/Day 30/routes/transaksiRoutes.js": {"path":"/home/darwin/GlintsXBinar/Backend/Month 02/Week 06/Day 30/routes/transaksiRoutes.js","statementMap":{"0":{"start":{"line":1,"column":16},"end":{"line":1,"column":34}},"1":{"start":{"line":4,"column":27},"end":{"line":4,"column":82}},"2":{"start":{"line":7,"column":28},"end":{"line":7,"column":73}},"3":{"start":{"line":10,"column":13},"end":{"line":10,"column":43}},"4":{"start":{"line":13,"column":15},"end":{"line":13,"column":31}},"5":{"start":{"line":16,"column":0},"end":{"line":19,"column":75}},"6":{"start":{"line":21,"column":0},"end":{"line":25,"column":77}},"7":{"start":{"line":60,"column":0},"end":{"line":60,"column":24}}},"fnMap":{},"branchMap":{},"s":{"0":1,"1":1,"2":1,"3":1,"4":1,"5":1,"6":1,"7":1},"f":{},"b":{},"_coverageSchema":"1a1c01bbd47fc00a2c39e90264f33305004495a9","hash":"b69686e42480be3d9409cf4e1d33d57dda4b8b86"}
}
