TN:
SF:index.js
FN:41,(anonymous_0)
FNF:1
FNH:0
FNDA:0,(anonymous_0)
DA:1,1
DA:5,1
DA:6,1
DA:9,1
DA:10,1
DA:11,1
DA:12,1
DA:15,1
DA:18,1
DA:19,1
DA:26,1
DA:29,1
DA:32,1
DA:33,1
DA:34,1
DA:35,1
DA:38,1
DA:40,0
DA:41,0
DA:46,1
LF:20
LH:18
BRDA:38,0,0,0
BRDA:38,0,1,1
BRDA:40,1,0,0
BRDA:40,1,1,0
BRF:4
BRH:1
end_of_record
TN:
SF:controllers/authController.js
FN:5,(anonymous_0)
FNF:1
FNH:1
FNDA:2,(anonymous_0)
DA:1,1
DA:6,2
DA:9,2
DA:17,2
DA:22,2
DA:28,0
DA:36,1
LF:7
LH:6
BRF:0
BRH:0
end_of_record
TN:
SF:controllers/barangController.js
FN:4,(anonymous_0)
FN:20,(anonymous_1)
FNF:2
FNH:0
FNDA:0,(anonymous_0)
FNDA:0,(anonymous_1)
DA:1,1
DA:5,0
DA:6,0
DA:8,0
DA:13,0
DA:21,0
DA:23,0
DA:26,0
DA:31,0
DA:36,0
DA:44,1
LF:11
LH:2
BRF:0
BRH:0
end_of_record
TN:
SF:controllers/pelangganController.js
FN:4,(anonymous_0)
FNF:1
FNH:0
FNDA:0,(anonymous_0)
DA:1,1
DA:5,0
DA:6,0
DA:8,0
DA:13,0
DA:21,1
LF:6
LH:2
BRF:0
BRH:0
end_of_record
TN:
SF:controllers/transaksiController.js
FN:5,(anonymous_0)
FN:29,(anonymous_1)
FN:53,(anonymous_2)
FN:78,(anonymous_3)
FN:107,(anonymous_4)
FNF:5
FNH:0
FNDA:0,(anonymous_0)
FNDA:0,(anonymous_1)
FNDA:0,(anonymous_2)
FNDA:0,(anonymous_3)
FNDA:0,(anonymous_4)
DA:1,1
DA:6,0
DA:8,0
DA:10,0
DA:11,0
DA:16,0
DA:21,0
DA:30,0
DA:32,0
DA:34,0
DA:35,0
DA:40,0
DA:45,0
DA:54,0
DA:56,0
DA:65,0
DA:70,0
DA:71,0
DA:79,0
DA:81,0
DA:94,0
DA:99,0
DA:108,0
DA:110,0
DA:112,0
DA:116,0
DA:124,1
LF:27
LH:2
BRDA:10,0,0,0
BRDA:10,0,1,0
BRDA:34,1,0,0
BRDA:34,1,1,0
BRF:4
BRH:0
end_of_record
TN:
SF:middlewares/auth/index.js
FN:9,(anonymous_0)
FN:11,(anonymous_1)
FN:50,(anonymous_2)
FN:77,(anonymous_3)
FN:79,(anonymous_4)
FN:118,(anonymous_5)
FN:161,(anonymous_6)
FN:163,(anonymous_7)
FN:200,(anonymous_8)
FN:223,(anonymous_9)
FN:225,(anonymous_10)
FN:262,(anonymous_11)
FN:286,(anonymous_12)
FN:288,(anonymous_13)
FN:325,(anonymous_14)
FNF:15
FNH:6
FNDA:2,(anonymous_0)
FNDA:2,(anonymous_1)
FNDA:2,(anonymous_2)
FNDA:1,(anonymous_3)
FNDA:1,(anonymous_4)
FNDA:1,(anonymous_5)
FNDA:0,(anonymous_6)
FNDA:0,(anonymous_7)
FNDA:0,(anonymous_8)
FNDA:0,(anonymous_9)
FNDA:0,(anonymous_10)
FNDA:0,(anonymous_11)
FNDA:0,(anonymous_12)
FNDA:0,(anonymous_13)
FNDA:0,(anonymous_14)
DA:1,1
DA:2,1
DA:3,1
DA:4,1
DA:5,1
DA:6,1
DA:9,1
DA:11,2
DA:18,2
DA:19,0
DA:26,2
DA:27,1
DA:34,1
DA:37,1
DA:42,1
DA:51,2
DA:54,2
DA:60,1
DA:68,1
DA:77,1
DA:79,1
DA:86,1
DA:87,0
DA:94,1
DA:95,0
DA:102,1
DA:105,1
DA:110,1
DA:119,1
DA:122,1
DA:125,1
DA:126,0
DA:132,1
DA:135,1
DA:136,0
DA:144,1
DA:152,0
DA:161,1
DA:163,0
DA:170,0
DA:171,0
DA:178,0
DA:179,0
DA:186,0
DA:189,0
DA:193,1
DA:201,0
DA:203,0
DA:206,0
DA:207,0
DA:210,0
DA:214,0
DA:223,1
DA:225,0
DA:232,0
DA:233,0
DA:240,0
DA:241,0
DA:248,0
DA:251,0
DA:255,1
DA:264,0
DA:266,0
DA:269,0
DA:270,0
DA:273,0
DA:277,0
DA:286,1
DA:288,0
DA:295,0
DA:296,0
DA:303,0
DA:304,0
DA:311,0
DA:314,0
DA:318,1
DA:326,0
DA:328,0
DA:331,0
DA:335,0
DA:338,0
DA:342,0
LF:82
LH:37
BRDA:18,0,0,0
BRDA:18,0,1,2
BRDA:26,1,0,1
BRDA:26,1,1,1
BRDA:86,2,0,0
BRDA:86,2,1,1
BRDA:94,3,0,0
BRDA:94,3,1,1
BRDA:125,4,0,0
BRDA:125,4,1,1
BRDA:135,5,0,0
BRDA:135,5,1,1
BRDA:170,6,0,0
BRDA:170,6,1,0
BRDA:178,7,0,0
BRDA:178,7,1,0
BRDA:206,8,0,0
BRDA:206,8,1,0
BRDA:232,9,0,0
BRDA:232,9,1,0
BRDA:240,10,0,0
BRDA:240,10,1,0
BRDA:269,11,0,0
BRDA:269,11,1,0
BRDA:295,12,0,0
BRDA:295,12,1,0
BRDA:303,13,0,0
BRDA:303,13,1,0
BRDA:331,14,0,0
BRDA:331,14,1,0
BRDA:332,15,0,0
BRDA:332,15,1,0
BRF:32
BRH:7
end_of_record
TN:
SF:middlewares/validators/authValidator.js
FN:4,(anonymous_0)
FN:39,(anonymous_1)
FNF:2
FNH:2
FNDA:2,(anonymous_0)
FNDA:1,(anonymous_1)
DA:1,1
DA:4,1
DA:5,2
DA:6,2
DA:8,2
DA:9,0
DA:12,2
DA:13,0
DA:18,2
DA:19,0
DA:22,2
DA:24,0
DA:29,2
DA:31,0
DA:39,1
DA:40,1
DA:41,1
DA:43,1
DA:44,0
DA:47,1
DA:48,0
DA:53,1
DA:55,0
DA:60,1
DA:62,0
LF:25
LH:16
BRDA:8,0,0,0
BRDA:8,0,1,2
BRDA:12,1,0,0
BRDA:12,1,1,2
BRDA:18,2,0,0
BRDA:18,2,1,2
BRDA:22,3,0,0
BRDA:22,3,1,2
BRDA:43,4,0,0
BRDA:43,4,1,1
BRDA:47,5,0,0
BRDA:47,5,1,1
BRDA:53,6,0,0
BRDA:53,6,1,1
BRF:14
BRH:7
end_of_record
TN:
SF:middlewares/validators/barangValidator.js
FN:7,(anonymous_0)
FN:78,(anonymous_1)
FNF:2
FNH:0
FNDA:0,(anonymous_0)
FNDA:0,(anonymous_1)
DA:1,1
DA:2,1
DA:3,1
DA:4,1
DA:5,1
DA:7,1
DA:8,0
DA:10,0
DA:13,0
DA:14,0
DA:20,0
DA:21,0
DA:26,0
DA:32,0
DA:33,0
DA:37,0
DA:38,0
DA:42,0
DA:43,0
DA:47,0
DA:49,0
DA:55,0
DA:56,0
DA:59,0
DA:60,0
DA:64,0
DA:65,0
DA:69,0
DA:72,0
DA:75,0
DA:78,0
DA:79,0
DA:80,0
DA:82,0
DA:90,0
DA:93,0
DA:95,0
LF:37
LH:6
BRDA:13,0,0,0
BRDA:13,0,1,0
BRDA:20,1,0,0
BRDA:20,1,1,0
BRDA:32,2,0,0
BRDA:32,2,1,0
BRDA:37,3,0,0
BRDA:37,3,1,0
BRDA:42,4,0,0
BRDA:42,4,1,0
BRDA:47,5,0,0
BRDA:47,5,1,0
BRDA:55,6,0,0
BRDA:55,6,1,0
BRDA:59,7,0,0
BRDA:59,7,1,0
BRDA:64,8,0,0
BRDA:64,8,1,0
BRDA:79,9,0,0
BRDA:79,9,1,0
BRF:20
BRH:0
end_of_record
TN:
SF:middlewares/validators/transaksiValidator.js
FN:5,(anonymous_0)
FN:24,(anonymous_1)
FN:92,(anonymous_2)
FN:173,(anonymous_3)
FNF:4
FNH:0
FNDA:0,(anonymous_0)
FNDA:0,(anonymous_1)
FNDA:0,(anonymous_2)
FNDA:0,(anonymous_3)
DA:1,1
DA:2,1
DA:3,1
DA:5,1
DA:6,0
DA:8,0
DA:9,0
DA:15,0
DA:17,0
DA:24,1
DA:25,0
DA:26,0
DA:29,0
DA:30,0
DA:36,0
DA:37,0
DA:43,0
DA:44,0
DA:50,0
DA:56,0
DA:57,0
DA:61,0
DA:62,0
DA:66,0
DA:67,0
DA:71,0
DA:72,0
DA:78,0
DA:79,0
DA:80,0
DA:83,0
DA:85,0
DA:92,1
DA:93,0
DA:94,0
DA:97,0
DA:98,0
DA:104,0
DA:105,0
DA:111,0
DA:112,0
DA:118,0
DA:119,0
DA:125,0
DA:132,0
DA:133,0
DA:137,0
DA:138,0
DA:142,0
DA:143,0
DA:147,0
DA:148,0
DA:152,0
DA:153,0
DA:159,0
DA:160,0
DA:161,0
DA:164,0
DA:166,0
DA:173,1
DA:174,0
DA:175,0
DA:178,0
DA:179,0
DA:185,0
DA:186,0
DA:192,0
DA:195,0
DA:196,0
DA:200,0
DA:201,0
DA:207,0
DA:209,0
LF:73
LH:7
BRDA:8,0,0,0
BRDA:8,0,1,0
BRDA:29,1,0,0
BRDA:29,1,1,0
BRDA:36,2,0,0
BRDA:36,2,1,0
BRDA:43,3,0,0
BRDA:43,3,1,0
BRDA:56,4,0,0
BRDA:56,4,1,0
BRDA:61,5,0,0
BRDA:61,5,1,0
BRDA:66,6,0,0
BRDA:66,6,1,0
BRDA:71,7,0,0
BRDA:71,7,1,0
BRDA:97,8,0,0
BRDA:97,8,1,0
BRDA:104,9,0,0
BRDA:104,9,1,0
BRDA:111,10,0,0
BRDA:111,10,1,0
BRDA:118,11,0,0
BRDA:118,11,1,0
BRDA:132,12,0,0
BRDA:132,12,1,0
BRDA:137,13,0,0
BRDA:137,13,1,0
BRDA:142,14,0,0
BRDA:142,14,1,0
BRDA:147,15,0,0
BRDA:147,15,1,0
BRDA:152,16,0,0
BRDA:152,16,1,0
BRDA:178,17,0,0
BRDA:178,17,1,0
BRDA:185,18,0,0
BRDA:185,18,1,0
BRDA:195,19,0,0
BRDA:195,19,1,0
BRDA:200,20,0,0
BRDA:200,20,1,0
BRF:42
BRH:0
end_of_record
TN:
SF:models/barang.js
FN:39,getImage
FNF:1
FNH:0
FNDA:0,getImage
DA:1,1
DA:2,1
DA:4,1
DA:40,0
DA:44,1
DA:46,1
LF:6
LH:5
BRF:0
BRH:0
end_of_record
TN:
SF:models/index.js
FN:13,(anonymous_0)
FN:14,(anonymous_1)
FNF:2
FNH:1
FNDA:1,(anonymous_0)
FNDA:0,(anonymous_1)
DA:1,1
DA:3,1
DA:6,1
DA:13,1
DA:14,0
DA:17,1
DA:18,1
DA:19,1
DA:20,1
DA:21,1
DA:24,1
LF:11
LH:10
BRF:0
BRH:0
end_of_record
TN:
SF:models/pelanggan.js
FN:29,getPhoto
FNF:1
FNH:0
FNDA:0,getPhoto
DA:1,1
DA:2,1
DA:4,1
DA:30,0
DA:34,1
DA:36,1
LF:6
LH:5
BRF:0
BRH:0
end_of_record
TN:
SF:models/pemasok.js
FN:29,getPhoto
FNF:1
FNH:0
FNDA:0,getPhoto
DA:1,1
DA:2,1
DA:4,1
DA:30,0
DA:34,1
DA:36,1
LF:6
LH:5
BRF:0
BRH:0
end_of_record
TN:
SF:models/transaksi.js
FNF:0
FNH:0
DA:1,1
DA:2,1
DA:4,1
DA:33,1
DA:35,1
LF:5
LH:5
BRF:0
BRH:0
end_of_record
TN:
SF:models/user.js
FN:38,encryptPassword
FNF:1
FNH:1
FNDA:2,encryptPassword
DA:1,1
DA:2,1
DA:3,1
DA:5,1
DA:39,2
DA:40,2
DA:44,1
DA:46,1
LF:8
LH:8
BRF:0
BRH:0
end_of_record
TN:
SF:routes/authRoutes.js
FNF:0
FNH:0
DA:1,1
DA:2,1
DA:5,1
DA:8,1
DA:11,1
DA:14,1
DA:17,1
DA:25,1
DA:32,1
LF:9
LH:9
BRF:0
BRH:0
end_of_record
TN:
SF:routes/barangRoutes.js
FNF:0
FNH:0
DA:1,1
DA:2,1
DA:5,1
DA:8,1
DA:10,1
DA:15,1
DA:17,1
LF:7
LH:7
BRF:0
BRH:0
end_of_record
TN:
SF:routes/pelangganRoutes.js
FNF:0
FNH:0
DA:1,1
DA:4,1
DA:7,1
DA:10,1
DA:12,1
DA:14,1
LF:6
LH:6
BRF:0
BRH:0
end_of_record
TN:
SF:routes/transaksiRoutes.js
FNF:0
FNH:0
DA:1,1
DA:4,1
DA:7,1
DA:10,1
DA:13,1
DA:16,1
DA:21,1
DA:60,1
LF:8
LH:8
BRF:0
BRH:0
end_of_record
